生成启动时间为 5/30/2017 10:37:23 AM。
     1>项目“J:\百度云同步盘\大创项目\大创_基于VR技术的视频追踪处理系统\123\VR\VR\VR.vcxproj”在节点 2 上(build 个目标)。
     1>InitializeBuildStatus:
         正在创建“Debug\VR.unsuccessfulbuild”，因为已指定“AlwaysCreate”。
       ClCompile:
         D:\Windows10_App\Microsoft Visual Studio 10.0\VC\bin\CL.exe /c /IC:\opencv\build\include /ZI /nologo /W3 /WX- /Od /Oy- /D WIN32 /D _DEBUG /D _CONSOLE /Gm /EHsc /RTC1 /MDd /GS /fp:precise /Zc:wchar_t /Zc:forScope /Fo"Debug\\" /Fd"Debug\vc100.pdb" /Gd /TP /analyze- /errorReport:prompt VR.cpp
         VR.cpp
     1>j:\百度云同步盘\大创项目\大创_基于vr技术的视频追踪处理系统\123\vr\vr\vr.cpp(257): warning C4244: “初始化”: 从“double”转换到“int”，可能丢失数据
     1>j:\百度云同步盘\大创项目\大创_基于vr技术的视频追踪处理系统\123\vr\vr\vr.cpp(258): warning C4244: “初始化”: 从“double”转换到“int”，可能丢失数据
     1>j:\百度云同步盘\大创项目\大创_基于vr技术的视频追踪处理系统\123\vr\vr\vr.cpp(273): warning C4244: “=”: 从“double”转换到“float”，可能丢失数据
     1>j:\百度云同步盘\大创项目\大创_基于vr技术的视频追踪处理系统\123\vr\vr\vr.cpp(356): warning C4244: “初始化”: 从“int”转换到“float”，可能丢失数据
     1>j:\百度云同步盘\大创项目\大创_基于vr技术的视频追踪处理系统\123\vr\vr\vr.cpp(356): warning C4244: “初始化”: 从“int”转换到“float”，可能丢失数据
     1>j:\百度云同步盘\大创项目\大创_基于vr技术的视频追踪处理系统\123\vr\vr\vr.cpp(356): warning C4244: “初始化”: 从“int”转换到“float”，可能丢失数据
     1>j:\百度云同步盘\大创项目\大创_基于vr技术的视频追踪处理系统\123\vr\vr\vr.cpp(356): warning C4244: “初始化”: 从“int”转换到“float”，可能丢失数据
     1>j:\百度云同步盘\大创项目\大创_基于vr技术的视频追踪处理系统\123\vr\vr\vr.cpp(398): warning C4244: “初始化”: 从“int”转换到“float”，可能丢失数据
     1>j:\百度云同步盘\大创项目\大创_基于vr技术的视频追踪处理系统\123\vr\vr\vr.cpp(398): warning C4244: “初始化”: 从“int”转换到“float”，可能丢失数据
       ManifestResourceCompile:
         所有输出均为最新。
       Link:
         D:\Windows10_App\Microsoft Visual Studio 10.0\VC\bin\link.exe /ERRORREPORT:PROMPT /OUT:"J:\百度云同步盘\大创项目\大创_基于VR技术的视频追踪处理系统\123\VR\Debug\VR.exe" /INCREMENTAL /NOLOGO /LIBPATH:C:\opencv\build\x86\vc10\lib opencv_ml249d.lib opencv_calib3d249d.lib opencv_contrib249d.lib opencv_core249d.lib opencv_features2d249d.lib opencv_flann249d.lib opencv_gpu249d.lib opencv_highgui249d.lib opencv_imgproc249d.lib opencv_legacy249d.lib opencv_objdetect249d.lib opencv_ts249d.lib opencv_video249d.lib opencv_nonfree249d.lib opencv_ocl249d.lib opencv_photo249d.lib opencv_stitching249d.lib opencv_superres249d.lib opencv_videostab249d.lib opencv_objdetect249.lib opencv_ts249.lib opencv_video249.lib opencv_nonfree249.lib opencv_ocl249.lib opencv_photo249.lib opencv_stitching249.lib opencv_superres249.lib opencv_videostab249.lib opencv_calib3d249.lib opencv_contrib249.lib opencv_core249.lib opencv_features2d249.lib opencv_flann249.lib opencv_gpu249.lib opencv_highgui249.lib opencv_imgproc249.lib opencv_legacy249.lib opencv_ml249.lib kernel32.lib user32.lib gdi32.lib winspool.lib comdlg32.lib advapi32.lib shell32.lib ole32.lib oleaut32.lib uuid.lib odbc32.lib odbccp32.lib /MANIFEST /ManifestFile:"Debug\VR.exe.intermediate.manifest" /MANIFESTUAC:"level='asInvoker' uiAccess='false'" /DEBUG /PDB:"J:\百度云同步盘\大创项目\大创_基于VR技术的视频追踪处理系统\123\VR\Debug\VR.pdb" /SUBSYSTEM:CONSOLE /TLBID:1 /DYNAMICBASE /NXCOMPAT /IMPLIB:"J:\百度云同步盘\大创项目\大创_基于VR技术的视频追踪处理系统\123\VR\Debug\VR.lib" /MACHINE:X86 Debug\VR.exe.embed.manifest.res
         Debug\VR.obj
         LINK : 没有找到 J:\百度云同步盘\大创项目\大创_基于VR技术的视频追踪处理系统\123\VR\Debug\VR.exe 或上一个增量链接没有生成它；正在执行完全链接
       Manifest:
         C:\Program Files (x86)\Microsoft SDKs\Windows\v7.0A\bin\mt.exe /nologo /verbose /out:"Debug\VR.exe.embed.manifest" /manifest Debug\VR.exe.intermediate.manifest
         所有输出均为最新。
       LinkEmbedManifest:
         所有输出均为最新。
         VR.vcxproj -> J:\百度云同步盘\大创项目\大创_基于VR技术的视频追踪处理系统\123\VR\Debug\VR.exe
       FinalizeBuildStatus:
         正在删除文件“Debug\VR.unsuccessfulbuild”。
         正在对“Debug\VR.lastbuildstate”执行 Touch 任务。
     1>已完成生成项目“J:\百度云同步盘\大创项目\大创_基于VR技术的视频追踪处理系统\123\VR\VR\VR.vcxproj”(build 个目标)的操作。

生成成功。

已用时间 00:00:05.07
