J:\百度云同步盘\大创项目\大创_基于VR技术的视频追踪处理系统\123\VR\DEBUG\VR.EXE
J:\百度云同步盘\大创项目\大创_基于VR技术的视频追踪处理系统\123\VR\DEBUG\VR.ILK
J:\百度云同步盘\大创项目\大创_基于VR技术的视频追踪处理系统\123\VR\DEBUG\VR.PDB
J:\百度云同步盘\大创项目\大创_基于VR技术的视频追踪处理系统\123\VR\VR\Debug\cl.command.1.tlog
J:\百度云同步盘\大创项目\大创_基于VR技术的视频追踪处理系统\123\VR\VR\Debug\CL.read.1.tlog
J:\百度云同步盘\大创项目\大创_基于VR技术的视频追踪处理系统\123\VR\VR\Debug\CL.write.1.tlog
J:\百度云同步盘\大创项目\大创_基于VR技术的视频追踪处理系统\123\VR\VR\Debug\link.6488.read.1.tlog
J:\百度云同步盘\大创项目\大创_基于VR技术的视频追踪处理系统\123\VR\VR\Debug\link.6488.write.1.tlog
J:\百度云同步盘\大创项目\大创_基于VR技术的视频追踪处理系统\123\VR\VR\Debug\link.6488-cvtres.read.1.tlog
J:\百度云同步盘\大创项目\大创_基于VR技术的视频追踪处理系统\123\VR\VR\Debug\link.6488-cvtres.write.1.tlog
J:\百度云同步盘\大创项目\大创_基于VR技术的视频追踪处理系统\123\VR\VR\Debug\link.command.1.tlog
J:\百度云同步盘\大创项目\大创_基于VR技术的视频追踪处理系统\123\VR\VR\Debug\link.read.1(DESKTOP-3P1HR95--liupengfei--2017-05-30-10,37,33).tlog
J:\百度云同步盘\大创项目\大创_基于VR技术的视频追踪处理系统\123\VR\VR\Debug\link.read.1(DESKTOP-3P1HR95--liupengfei--2017-05-30-10,38,52).tlog
J:\百度云同步盘\大创项目\大创_基于VR技术的视频追踪处理系统\123\VR\VR\Debug\link.read.1.tlog
J:\百度云同步盘\大创项目\大创_基于VR技术的视频追踪处理系统\123\VR\VR\Debug\link.write.1.tlog
J:\百度云同步盘\大创项目\大创_基于VR技术的视频追踪处理系统\123\VR\VR\Debug\link-cvtres.read.1.tlog
J:\百度云同步盘\大创项目\大创_基于VR技术的视频追踪处理系统\123\VR\VR\Debug\link-cvtres.write.1.tlog
J:\百度云同步盘\大创项目\大创_基于VR技术的视频追踪处理系统\123\VR\VR\Debug\mt.command.1.tlog
J:\百度云同步盘\大创项目\大创_基于VR技术的视频追踪处理系统\123\VR\VR\Debug\mt.read.1.tlog
J:\百度云同步盘\大创项目\大创_基于VR技术的视频追踪处理系统\123\VR\VR\Debug\rc.command.1.tlog
J:\百度云同步盘\大创项目\大创_基于VR技术的视频追踪处理系统\123\VR\VR\Debug\rc.read.1.tlog
J:\百度云同步盘\大创项目\大创_基于VR技术的视频追踪处理系统\123\VR\VR\Debug\rc.write.1.tlog
J:\百度云同步盘\大创项目\大创_基于VR技术的视频追踪处理系统\123\VR\VR\Debug\vc100(DESKTOP-3P1HR95--liupengfei--2017-05-30-10,37,36).pdb
J:\百度云同步盘\大创项目\大创_基于VR技术的视频追踪处理系统\123\VR\VR\Debug\vc100(DESKTOP-3P1HR95--liupengfei--2017-05-30-10,37,59).pdb
J:\百度云同步盘\大创项目\大创_基于VR技术的视频追踪处理系统\123\VR\VR\Debug\vc100.idb
J:\百度云同步盘\大创项目\大创_基于VR技术的视频追踪处理系统\123\VR\VR\DEBUG\VC100.PDB
J:\百度云同步盘\大创项目\大创_基于VR技术的视频追踪处理系统\123\VR\VR\Debug\VR(DESKTOP-3P1HR95--liupengfei--2017-05-30-10,37,37).obj
J:\百度云同步盘\大创项目\大创_基于VR技术的视频追踪处理系统\123\VR\VR\Debug\VR(DESKTOP-3P1HR95--liupengfei--2017-05-30-10,37,59).obj
J:\百度云同步盘\大创项目\大创_基于VR技术的视频追踪处理系统\123\VR\VR\Debug\VR.exe.embed.manifest
J:\百度云同步盘\大创项目\大创_基于VR技术的视频追踪处理系统\123\VR\VR\DEBUG\VR.EXE.EMBED.MANIFEST.RES
J:\百度云同步盘\大创项目\大创_基于VR技术的视频追踪处理系统\123\VR\VR\DEBUG\VR.EXE.INTERMEDIATE.MANIFEST
J:\百度云同步盘\大创项目\大创_基于VR技术的视频追踪处理系统\123\VR\VR\DEBUG\VR.OBJ
J:\百度云同步盘\大创项目\大创_基于VR技术的视频追踪处理系统\123\VR\VR\Debug\VR.write.1.tlog
J:\百度云同步盘\大创项目\大创_基于VR技术的视频追踪处理系统\123\VR\VR\Debug\VR_manifest.rc
